!SESSION 2016-04-04 11:47:57.786 -----------------------------------------------
eclipse.buildId=unknown
java.version=1.7.0_95
java.vendor=Oracle Corporation
BootLoader constants: OS=linux, ARCH=x86_64, WS=motif, NL=zh_CN
Command-line arguments:  -console

!ENTRY org.eclipse.equinox.http.jetty 4 0 2016-04-04 11:47:58.777
!MESSAGE 
!STACK 0
org.osgi.framework.BundleException: Exception in org.eclipse.equinox.http.jetty.internal.Activator.start() of bundle org.eclipse.equinox.http.jetty.
	at org.eclipse.osgi.framework.internal.core.BundleContextImpl.startActivator(BundleContextImpl.java:1018)
	at org.eclipse.osgi.framework.internal.core.BundleContextImpl.start(BundleContextImpl.java:974)
	at org.eclipse.osgi.framework.internal.core.BundleHost.startWorker(BundleHost.java:346)
	at org.eclipse.osgi.framework.internal.core.AbstractBundle.resume(AbstractBundle.java:350)
	at org.eclipse.osgi.framework.internal.core.Framework.resumeBundle(Framework.java:1118)
	at org.eclipse.osgi.framework.internal.core.StartLevelManager.resumeBundles(StartLevelManager.java:634)
	at org.eclipse.osgi.framework.internal.core.StartLevelManager.incFWSL(StartLevelManager.java:497)
	at org.eclipse.osgi.framework.internal.core.StartLevelManager.doSetStartLevel(StartLevelManager.java:282)
	at org.eclipse.osgi.framework.internal.core.StartLevelManager.launch(StartLevelManager.java:250)
	at org.eclipse.osgi.framework.internal.core.SystemBundle.resume(SystemBundle.java:153)
	at org.eclipse.osgi.framework.internal.core.Framework.launch(Framework.java:588)
	at org.eclipse.osgi.framework.internal.core.OSGi.launch(OSGi.java:51)
	at org.eclipse.core.runtime.adaptor.EclipseStarter.startup(EclipseStarter.java:289)
	at org.eclipse.core.runtime.adaptor.EclipseStarter.run(EclipseStarter.java:172)
	at org.eclipse.core.runtime.adaptor.EclipseStarter.main(EclipseStarter.java:149)
Caused by: org.osgi.service.cm.ConfigurationException: default : Multiple exceptions
	at org.eclipse.equinox.http.jetty.internal.HttpServerManager.updated(HttpServerManager.java:114)
	at org.eclipse.equinox.http.jetty.internal.Activator.start(Activator.java:52)
	at org.eclipse.osgi.framework.internal.core.BundleContextImpl$2.run(BundleContextImpl.java:999)
	at java.security.AccessController.doPrivileged(Native Method)
	at org.eclipse.osgi.framework.internal.core.BundleContextImpl.startActivator(BundleContextImpl.java:993)
	... 14 more
Caused by: org.mortbay.util.MultiException[java.net.BindException: 权限不够]
	at org.mortbay.http.HttpServer.doStart(HttpServer.java:686)
	at org.mortbay.util.Container.start(Container.java:72)
	at org.eclipse.equinox.http.jetty.internal.HttpServerManager.updated(HttpServerManager.java:112)
	... 18 more
Root exception:
org.osgi.service.cm.ConfigurationException: default : Multiple exceptions
	at org.eclipse.equinox.http.jetty.internal.HttpServerManager.updated(HttpServerManager.java:114)
	at org.eclipse.equinox.http.jetty.internal.Activator.start(Activator.java:52)
	at org.eclipse.osgi.framework.internal.core.BundleContextImpl$2.run(BundleContextImpl.java:999)
	at java.security.AccessController.doPrivileged(Native Method)
	at org.eclipse.osgi.framework.internal.core.BundleContextImpl.startActivator(BundleContextImpl.java:993)
	at org.eclipse.osgi.framework.internal.core.BundleContextImpl.start(BundleContextImpl.java:974)
	at org.eclipse.osgi.framework.internal.core.BundleHost.startWorker(BundleHost.java:346)
	at org.eclipse.osgi.framework.internal.core.AbstractBundle.resume(AbstractBundle.java:350)
	at org.eclipse.osgi.framework.internal.core.Framework.resumeBundle(Framework.java:1118)
	at org.eclipse.osgi.framework.internal.core.StartLevelManager.resumeBundles(StartLevelManager.java:634)
	at org.eclipse.osgi.framework.internal.core.StartLevelManager.incFWSL(StartLevelManager.java:497)
	at org.eclipse.osgi.framework.internal.core.StartLevelManager.doSetStartLevel(StartLevelManager.java:282)
	at org.eclipse.osgi.framework.internal.core.StartLevelManager.launch(StartLevelManager.java:250)
	at org.eclipse.osgi.framework.internal.core.SystemBundle.resume(SystemBundle.java:153)
	at org.eclipse.osgi.framework.internal.core.Framework.launch(Framework.java:588)
	at org.eclipse.osgi.framework.internal.core.OSGi.launch(OSGi.java:51)
	at org.eclipse.core.runtime.adaptor.EclipseStarter.startup(EclipseStarter.java:289)
	at org.eclipse.core.runtime.adaptor.EclipseStarter.run(EclipseStarter.java:172)
	at org.eclipse.core.runtime.adaptor.EclipseStarter.main(EclipseStarter.java:149)
Caused by: org.mortbay.util.MultiException[java.net.BindException: 权限不够]
	at org.mortbay.http.HttpServer.doStart(HttpServer.java:686)
	at org.mortbay.util.Container.start(Container.java:72)
	at org.eclipse.equinox.http.jetty.internal.HttpServerManager.updated(HttpServerManager.java:112)
	... 18 more

!ENTRY org.eclipse.osgi 4 0 2016-04-04 11:47:59.034
!MESSAGE Application error
!STACK 1
java.lang.RuntimeException: No application id has been found.
	at org.eclipse.equinox.internal.app.EclipseAppContainer.startDefaultApp(EclipseAppContainer.java:229)
	at org.eclipse.equinox.internal.app.EclipseAppContainer.start(EclipseAppContainer.java:92)
	at org.eclipse.equinox.internal.app.Activator.addingService(Activator.java:129)
	at org.osgi.util.tracker.ServiceTracker$Tracked.trackAdding(ServiceTracker.java:1064)
	at org.osgi.util.tracker.ServiceTracker$Tracked.track(ServiceTracker.java:1042)
	at org.osgi.util.tracker.ServiceTracker$Tracked.serviceChanged(ServiceTracker.java:967)
	at org.eclipse.osgi.framework.internal.core.FilteredServiceListener.serviceChanged(FilteredServiceListener.java:94)
	at org.eclipse.osgi.framework.internal.core.BundleContextImpl.dispatchEvent(BundleContextImpl.java:1224)
	at org.eclipse.osgi.framework.eventmgr.EventManager.dispatchEvent(EventManager.java:195)
	at org.eclipse.osgi.framework.eventmgr.ListenerQueue.dispatchEventSynchronous(ListenerQueue.java:141)
	at org.eclipse.osgi.framework.internal.core.Framework.publishServiceEventPrivileged(Framework.java:1603)
	at org.eclipse.osgi.framework.internal.core.Framework.publishServiceEvent(Framework.java:1578)
	at org.eclipse.osgi.framework.internal.core.ServiceRegistrationImpl.<init>(ServiceRegistrationImpl.java:103)
	at org.eclipse.osgi.framework.internal.core.BundleContextImpl.createServiceRegistration(BundleContextImpl.java:657)
	at org.eclipse.osgi.framework.internal.core.BundleContextImpl.registerService(BundleContextImpl.java:609)
	at org.eclipse.osgi.framework.internal.core.BundleContextImpl.registerService(BundleContextImpl.java:675)
	at org.eclipse.core.runtime.adaptor.EclipseStarter.run(EclipseStarter.java:359)
	at org.eclipse.core.runtime.adaptor.EclipseStarter.run(EclipseStarter.java:176)
	at org.eclipse.core.runtime.adaptor.EclipseStarter.main(EclipseStarter.java:149)
